0 info it worked if it ends with ok
1 verbose cli [ 'node', '/usr/local/bin/npm', 'publish' ]
2 info using npm@2.7.4
3 info using node@v0.12.2
4 verbose publish [ '.' ]
5 silly cache add args [ '.', null ]
6 verbose cache add spec .
7 silly cache add parsed spec { raw: '.',
7 silly cache add   scope: null,
7 silly cache add   name: null,
7 silly cache add   rawSpec: '.',
7 silly cache add   spec: '/Users/eugene/Development/workspace/bauhausjs',
7 silly cache add   type: 'directory' }
8 verbose addLocalDirectory /Users/eugene/Library/Application Support/Webhook/.npm/bauhausjs/0.3.1/package.tgz not in flight; packing
9 verbose tar pack [ '/Users/eugene/Library/Application Support/Webhook/.npm/bauhausjs/0.3.1/package.tgz',
9 verbose tar pack   '/Users/eugene/Development/workspace/bauhausjs' ]
10 verbose tarball /Users/eugene/Library/Application Support/Webhook/.npm/bauhausjs/0.3.1/package.tgz
11 verbose folder /Users/eugene/Development/workspace/bauhausjs
12 info prepublish bauhausjs@0.3.1
13 verbose addLocalTarball adding from inside cache /Users/eugene/Library/Application Support/Webhook/.npm/bauhausjs/0.3.1/package.tgz
14 silly cache afterAdd bauhausjs@0.3.1
15 verbose afterAdd /Users/eugene/Library/Application Support/Webhook/.npm/bauhausjs/0.3.1/package/package.json not in flight; writing
16 verbose afterAdd /Users/eugene/Library/Application Support/Webhook/.npm/bauhausjs/0.3.1/package/package.json written
17 silly publish { name: 'bauhausjs',
17 silly publish   version: '0.3.1',
17 silly publish   description: 'A modular CMS for Node.js',
17 silly publish   scripts:
17 silly publish    { test: 'env NODE_ENV=test mocha page/test/ content/test/',
17 silly publish      postinstall: 'npm --prefix ./backend install ./backend' },
17 silly publish   repository:
17 silly publish    { type: 'git',
17 silly publish      url: 'https://github.com/bauhausjs/bauhausjs.git' },
17 silly publish   keywords: [ 'cms', 'content', 'backend', 'bauhaus' ],
17 silly publish   contributors:
17 silly publish    [ { name: 'Philipp Schächtele',
17 silly publish        email: 'philipp@digitalwerft.com' },
17 silly publish      { name: 'Evgenij Terehov', email: 'evgenij@digitalwerft.com' } ],
17 silly publish   license: 'MIT',
17 silly publish   bugs: { url: 'https://github.com/bauhausjs/bauhausjs/issues' },
17 silly publish   dependencies:
17 silly publish    { async: '^0.9.0',
17 silly publish      bower: '^1.4.1',
17 silly publish      'fs-extra': '^0.14.0',
17 silly publish      'multer-pkgcloud': '^0.2.0',
17 silly publish      pkgcloud: '^1.2.0-alpha.0' },
17 silly publish   devDependencies: { mocha: '~1.18.2', should: '~3.1.2' },
17 silly publish   peerDependencies:
17 silly publish    { express: '~4.12.3',
17 silly publish      mongoose: '3.x.x',
17 silly publish      baucis: '1.1.x',
17 silly publish      debug: '^2.1.3',
17 silly publish      passport: '0.2.x',
17 silly publish      'passport-local': '1.0.x',
17 silly publish      'passport-local-mongoose': '^1.0.0',
17 silly publish      'connect-flash': '0.1.x',
17 silly publish      'connect-mongo': '0.8.x',
17 silly publish      'mongoose-materialized': '0.1.x',
17 silly publish      ejs: '2.3.x' },
17 silly publish   homepage: 'https://github.com/bauhausjs/bauhausjs',
17 silly publish   _id: 'bauhausjs@0.3.1',
17 silly publish   _shasum: '19ffbb4fe9d6b24b1c2669f2dfdc07c29226bd2c',
17 silly publish   _from: '.',
17 silly publish   _npmVersion: '1.4.28',
17 silly publish   _npmUser: { name: 'eterehov', email: 'opensource@terehov.de' },
17 silly publish   maintainers:
17 silly publish    [ { name: 'philjs', email: 'philipp@digitalwerft.com' },
17 silly publish      { name: 'eterehov', email: 'opensource@terehov.de' } ],
17 silly publish   dist:
17 silly publish    { shasum: '054d0e6d97f14e4db58aafa8595a7a400b379449',
17 silly publish      tarball: 'http://registry.npmjs.org/bauhausjs/-/bauhausjs-0.2.28.tgz' },
17 silly publish   directories: {},
17 silly publish   _resolved: 'https://registry.npmjs.org/bauhausjs/-/bauhausjs-0.2.28.tgz',
17 silly publish   gitHead: 'e21e82507faa9509d499011da24f7aaf8c552133',
17 silly publish   readme: '# BauhausJS\n\n[![CI Status](https://travis-ci.org/bauhausjs/bauhausjs.png)](https://travis-ci.org/bauhausjs/bauhausjs).\n\nBauhausJS is a modular CMS for NodeJS. BauhausJS is developed by [DigitalWerft](http://digitalwerft.com) and supported by [Bettervest](https://bettervest.de/). This is an open source project and pull requests are welcome.\n\n**The development is in early stage.** We plan to provide a beta by spring 2014 and be production ready until summer 2014.\n\n# Plugins\n\n* **[security](https://github.com/bauhausjs/bauhausjs/tree/master/security)**: User, role and permission managment, middleware and helpers.\n* **[backend](https://github.com/bauhausjs/bauhausjs/tree/master/backend)**: Provides an administration backend for your app at route `/backend`.\n* **[page](https://github.com/bauhausjs/bauhausjs/tree/master/page)**: Provides frontend (rendering) and backend (mangement) functionality for pages.\n* **[content](https://github.com/bauhausjs/bauhausjs/tree/master/content)**: Provides functionality to manage and render content.\n* **[document](https://github.com/bauhausjs/bauhausjs/tree/master/document)**: Generic CRUD for documents in backend.\n\n',
17 silly publish   readmeFilename: 'readme.md' }
18 silly mapToRegistry name bauhausjs
19 silly mapToRegistry using default registry
20 silly mapToRegistry registry https://registry.npmjs.org/
21 silly mapToRegistry uri https://registry.npmjs.org/bauhausjs
22 verbose publish registryBase https://registry.npmjs.org/
23 silly publish uploading /Users/eugene/Library/Application Support/Webhook/.npm/bauhausjs/0.3.1/package.tgz
24 verbose request uri https://registry.npmjs.org/bauhausjs
25 verbose request sending authorization for write operation
26 info attempt registry request try #1 at 1:25:18 PM
27 verbose request id cf91db8a941a1b2f
28 http request PUT https://registry.npmjs.org/bauhausjs
29 http 403 https://registry.npmjs.org/bauhausjs
30 verbose headers { 'content-type': 'application/json',
30 verbose headers   'cache-control': 'max-age=60',
30 verbose headers   'content-length': '95',
30 verbose headers   'accept-ranges': 'bytes',
30 verbose headers   date: 'Mon, 13 Jul 2015 11:25:34 GMT',
30 verbose headers   via: '1.1 varnish',
30 verbose headers   connection: 'keep-alive',
30 verbose headers   'x-served-by': 'cache-fra1223-FRA',
30 verbose headers   'x-cache': 'MISS',
30 verbose headers   'x-cache-hits': '0',
30 verbose headers   'x-timer': 'S1436786718.688090,VS0,VE15561' }
31 verbose request invalidating /Users/eugene/Library/Application Support/Webhook/.npm/registry.npmjs.org/bauhausjs on PUT
32 error publish Failed PUT 403
33 verbose stack Error: "You cannot publish over the previously published version 0.3.1." : bauhausjs
33 verbose stack     at CachingRegistryClient.<anonymous> (/usr/local/lib/node_modules/npm/node_modules/npm-registry-client/lib/request.js:247:14)
33 verbose stack     at Request._callback (/usr/local/lib/node_modules/npm/node_modules/npm-registry-client/lib/request.js:170:14)
33 verbose stack     at Request.self.callback (/usr/local/lib/node_modules/npm/node_modules/request/request.js:344:22)
33 verbose stack     at Request.emit (events.js:110:17)
33 verbose stack     at Request.<anonymous> (/usr/local/lib/node_modules/npm/node_modules/request/request.js:1239:14)
33 verbose stack     at Request.emit (events.js:129:20)
33 verbose stack     at IncomingMessage.<anonymous> (/usr/local/lib/node_modules/npm/node_modules/request/request.js:1187:12)
33 verbose stack     at IncomingMessage.emit (events.js:129:20)
33 verbose stack     at _stream_readable.js:908:16
33 verbose stack     at process._tickCallback (node.js:355:11)
34 verbose statusCode 403
35 verbose pkgid bauhausjs
36 verbose cwd /Users/eugene/Development/workspace/bauhausjs
37 error Darwin 14.4.0
38 error argv "node" "/usr/local/bin/npm" "publish"
39 error node v0.12.2
40 error npm  v2.7.4
41 error code E403
42 error "You cannot publish over the previously published version 0.3.1." : bauhausjs
43 error If you need help, you may report this error at:
43 error     <https://github.com/npm/npm/issues>
44 verbose exit [ 1, true ]
